TN:
SF:C:\Users\weevi\Documents\GitHub\hrsf124\FEC\client\src\components\HoverLinks.jsx
FN:4,HoverLinks
FNF:1
FNH:0
FNDA:0,HoverLinks
DA:5,0
LF:1
LH:0
BRF:0
BRH:0
end_of_record
TN:
SF:C:\Users\weevi\Documents\GitHub\hrsf124\FEC\client\src\components\ReviewEntry.jsx
FN:5,(anonymous_0)
FN:14,(anonymous_1)
FNF:2
FNH:0
FNDA:0,(anonymous_0)
FNDA:0,(anonymous_1)
DA:6,0
DA:8,0
DA:15,0
LF:3
LH:0
BRF:0
BRH:0
end_of_record
TN:
SF:C:\Users\weevi\Documents\GitHub\hrsf124\FEC\client\src\components\ReviewList.jsx
FN:6,(anonymous_0)
FN:15,(anonymous_1)
FNF:2
FNH:0
FNDA:0,(anonymous_0)
FNDA:0,(anonymous_1)
DA:7,0
DA:9,0
DA:16,0
LF:3
LH:0
BRF:0
BRH:0
end_of_record
TN:
SF:C:\Users\weevi\Documents\GitHub\hrsf124\FEC\client\src\components\Search.jsx
FN:5,(anonymous_0)
FN:14,(anonymous_1)
FNF:2
FNH:0
FNDA:0,(anonymous_0)
FNDA:0,(anonymous_1)
DA:6,0
DA:8,0
DA:15,0
LF:3
LH:0
BRF:0
BRH:0
end_of_record
TN:
SF:C:\Users\weevi\Documents\GitHub\hrsf124\FEC\client\src\components\YelpReviews.jsx
FN:9,(anonymous_0)
FN:21,(anonymous_1)
FN:25,(anonymous_2)
FN:30,(anonymous_3)
FN:33,(anonymous_4)
FN:39,(anonymous_5)
FN:46,(anonymous_6)
FNF:7
FNH:4
FNDA:1,(anonymous_0)
FNDA:1,(anonymous_1)
FNDA:0,(anonymous_2)
FNDA:0,(anonymous_3)
FNDA:0,(anonymous_4)
FNDA:1,(anonymous_5)
FNDA:1,(anonymous_6)
DA:10,1
DA:12,1
DA:22,1
DA:23,1
DA:24,1
DA:26,0
DA:30,0
DA:34,0
DA:40,1
DA:41,0
DA:47,1
LF:11
LH:7
BRDA:40,0,0,0
BRDA:40,0,1,1
BRF:2
BRH:1
end_of_record
